[debug] [2024-10-28T20:58:43.888Z] ----------------------------------------------------------------------
[debug] [2024-10-28T20:58:43.890Z] Command:       C:\Program Files\nodejs\node.exe C:\Users\Brenden\AppData\Roaming\npm\node_modules\firebase-tools\lib\bin\firebase.js init
[debug] [2024-10-28T20:58:43.890Z] CLI Version:   13.23.0
[debug] [2024-10-28T20:58:43.891Z] Platform:      win32
[debug] [2024-10-28T20:58:43.891Z] Node Version:  v18.17.1
[debug] [2024-10-28T20:58:43.892Z] Time:          Mon Oct 28 2024 23:58:43 GMT+0300 (East Africa Time)
[debug] [2024-10-28T20:58:43.892Z] ----------------------------------------------------------------------
[debug] 
[debug] [2024-10-28T20:58:43.974Z] > command requires scopes: ["email","openid","https://www.googleapis.com/auth/cloudplatformprojects.readonly","https://www.googleapis.com/auth/firebase","https://www.googleapis.com/auth/cloud-platform"]
[debug] [2024-10-28T20:58:43.974Z] > authorizing via signed-in user (brendenodhiambo@gmail.com)
[info] 
     ######## #### ########  ######## ########     ###     ######  ########
     ##        ##  ##     ## ##       ##     ##  ##   ##  ##       ##
     ######    ##  ########  ######   ########  #########  ######  ######
     ##        ##  ##    ##  ##       ##     ## ##     ##       ## ##
     ##       #### ##     ## ######## ########  ##     ##  ######  ########

You're about to initialize a Firebase project in this directory:

  C:\Users\Brenden\Desktop\online\KINGCOUNTY\KINGCOUNTYV2

Before we get started, keep in mind:

  * You are initializing within an existing Firebase project directory

[info] 
=== Project Setup
[info] 
[info] First, let's associate this project directory with a Firebase project.
[info] You can create multiple project aliases by running firebase use --add, 
[info] but for now we'll just set up a default project.
[info] 
[debug] [2024-10-28T20:59:17.608Z] Using project from CLI flag: kingcountypschiatry
[debug] [2024-10-28T20:59:17.609Z] Checked if tokens are valid: true, expires at: 1730152691984
[debug] [2024-10-28T20:59:17.609Z] Checked if tokens are valid: true, expires at: 1730152691984
[debug] [2024-10-28T20:59:17.611Z] >>> [apiv2][query] GET https://firebase.googleapis.com/v1beta1/projects/kingcountypschiatry [none]
[debug] [2024-10-28T20:59:18.486Z] <<< [apiv2][status] GET https://firebase.googleapis.com/v1beta1/projects/kingcountypschiatry 403
[debug] [2024-10-28T20:59:18.486Z] <<< [apiv2][body] GET https://firebase.googleapis.com/v1beta1/projects/kingcountypschiatry {"error":{"code":403,"message":"The caller does not have permission","status":"PERMISSION_DENIED"}}
[debug] [2024-10-28T20:59:18.486Z] Request to https://firebase.googleapis.com/v1beta1/projects/kingcountypschiatry had HTTP Error: 403, The caller does not have permission
[debug] [2024-10-28T20:59:18.487Z] FirebaseError: Request to https://firebase.googleapis.com/v1beta1/projects/kingcountypschiatry had HTTP Error: 403, The caller does not have permission
    at responseToError (C:\Users\Brenden\AppData\Roaming\npm\node_modules\firebase-tools\lib\responseToError.js:52:12)
    at RetryOperation._fn (C:\Users\Brenden\AppData\Roaming\npm\node_modules\firebase-tools\lib\apiv2.js:312:77)
    at process.processTicksAndRejections (node:internal/process/task_queues:95:5)
[error] 
[error] Error: Failed to get Firebase project kingcountypschiatry. Please make sure the project exists and your account has permission to access it.
[debug] [2024-10-28T20:59:49.179Z] ----------------------------------------------------------------------
[debug] [2024-10-28T20:59:49.181Z] Command:       C:\Program Files\nodejs\node.exe C:\Users\Brenden\AppData\Roaming\npm\node_modules\firebase-tools\lib\bin\firebase.js init
[debug] [2024-10-28T20:59:49.182Z] CLI Version:   13.23.0
[debug] [2024-10-28T20:59:49.182Z] Platform:      win32
[debug] [2024-10-28T20:59:49.182Z] Node Version:  v18.17.1
[debug] [2024-10-28T20:59:49.183Z] Time:          Mon Oct 28 2024 23:59:49 GMT+0300 (East Africa Time)
[debug] [2024-10-28T20:59:49.183Z] ----------------------------------------------------------------------
[debug] 
[debug] [2024-10-28T20:59:49.273Z] > command requires scopes: ["email","openid","https://www.googleapis.com/auth/cloudplatformprojects.readonly","https://www.googleapis.com/auth/firebase","https://www.googleapis.com/auth/cloud-platform"]
[debug] [2024-10-28T20:59:49.273Z] > authorizing via signed-in user (brendenodhiambo@gmail.com)
[info] 
     ######## #### ########  ######## ########     ###     ######  ########
     ##        ##  ##     ## ##       ##     ##  ##   ##  ##       ##
     ######    ##  ########  ######   ########  #########  ######  ######
     ##        ##  ##    ##  ##       ##     ## ##     ##       ## ##
     ##       #### ##     ## ######## ########  ##     ##  ######  ########

You're about to initialize a Firebase project in this directory:

  C:\Users\Brenden\Desktop\online\KINGCOUNTY\KINGCOUNTYV2

Before we get started, keep in mind:

  * You are initializing within an existing Firebase project directory

